[0m14:00:14.890233 [debug] [MainThread]: Sending event: {'category': 'dbt', 'action': 'invocation', 'label': 'start', 'context': [<snowplow_tracker.self_describing_json.SelfDescribingJson object at 0x70829c1bc0d0>, <snowplow_tracker.self_describing_json.SelfDescribingJson object at 0x70829c1bfd50>, <snowplow_tracker.self_describing_json.SelfDescribingJson object at 0x70829c1c9d90>]}


============================== 14:00:14.893724 | 9e2785c9-a06e-4145-938a-fef671356662 ==============================
[0m14:00:14.893724 [info ] [MainThread]: Running with dbt=1.7.9
[0m14:00:14.894296 [debug] [MainThread]: running dbt with arguments {'version_check': 'True', 'use_experimental_parser': 'False', 'debug': 'False', 'indirect_selection': 'eager', 'invocation_command': 'dbt run --select staging', 'partial_parse': 'True', 'write_json': 'True', 'static_parser': 'True', 'use_colors': 'True', 'no_print': 'None', 'quiet': 'False', 'fail_fast': 'False', 'log_path': 'logs', 'log_format': 'default', 'send_anonymous_usage_stats': 'True', 'target_path': 'None', 'cache_selected_only': 'False', 'log_cache_events': 'False', 'printer_width': '80', 'profiles_dir': '/home/zeyu/.dbt', 'introspect': 'True', 'warn_error_options': 'WarnErrorOptions(include=[], exclude=[])', 'warn_error': 'None'}
[0m14:00:14.894831 [error] [MainThread]: Encountered an error:
Runtime Error
  No dbt_project.yml found at expected path /home/zeyu/seizure-detection-eeg/dbt_project.yml
  Verify that each entry within packages.yml (and their transitive dependencies) contains a file named dbt_project.yml
  
[0m14:00:14.895859 [debug] [MainThread]: Sending event: {'category': 'dbt', 'action': 'invocation', 'label': 'end', 'context': [<snowplow_tracker.self_describing_json.SelfDescribingJson object at 0x70829c1bd5d0>, <snowplow_tracker.self_describing_json.SelfDescribingJson object at 0x70829c1bdc10>, <snowplow_tracker.self_describing_json.SelfDescribingJson object at 0x70829c5a5410>]}
[0m14:00:14.896381 [debug] [MainThread]: Flushing usage events
[0m14:01:10.048767 [debug] [MainThread]: Sending event: {'category': 'dbt', 'action': 'invocation', 'label': 'start', 'context': [<snowplow_tracker.self_describing_json.SelfDescribingJson object at 0x7c99ac00c250>, <snowplow_tracker.self_describing_json.SelfDescribingJson object at 0x7c99ac00ca90>, <snowplow_tracker.self_describing_json.SelfDescribingJson object at 0x7c99ac302a50>]}


============================== 14:01:10.051594 | 7e8b3dea-a9da-4c36-bb2f-254df4f4d385 ==============================
[0m14:01:10.051594 [info ] [MainThread]: Running with dbt=1.7.9
[0m14:01:10.052181 [debug] [MainThread]: running dbt with arguments {'profiles_dir': '/home/zeyu/.dbt', 'warn_error': 'None', 'no_print': 'None', 'log_cache_events': 'False', 'log_format': 'default', 'debug': 'False', 'introspect': 'True', 'write_json': 'True', 'log_path': 'logs', 'quiet': 'False', 'use_colors': 'True', 'send_anonymous_usage_stats': 'True', 'partial_parse': 'True', 'warn_error_options': 'WarnErrorOptions(include=[], exclude=[])', 'use_experimental_parser': 'False', 'fail_fast': 'False', 'invocation_command': 'dbt run --select staging', 'cache_selected_only': 'False', 'target_path': 'None', 'printer_width': '80', 'version_check': 'True', 'static_parser': 'True', 'indirect_selection': 'eager'}
[0m14:01:10.052700 [error] [MainThread]: Encountered an error:
Runtime Error
  No dbt_project.yml found at expected path /home/zeyu/seizure-detection-eeg/dbt_project.yml
  Verify that each entry within packages.yml (and their transitive dependencies) contains a file named dbt_project.yml
  
[0m14:01:10.053523 [debug] [MainThread]: Sending event: {'category': 'dbt', 'action': 'invocation', 'label': 'end', 'context': [<snowplow_tracker.self_describing_json.SelfDescribingJson object at 0x7c99abe337d0>, <snowplow_tracker.self_describing_json.SelfDescribingJson object at 0x7c99abe33f90>, <snowplow_tracker.self_describing_json.SelfDescribingJson object at 0x7c99b1903550>]}
[0m14:01:10.053978 [debug] [MainThread]: Flushing usage events
